<?xml version="1.0" encoding="UTF-8"?>
<!-- Generated by org.testng.reporters.JUnitReportReporter -->
<testsuite hostname="Gagan-S-Ganesh" failures="0" tests="1" name="selenium.alerts" time="42.193" errors="0" timestamp="2022-08-27T18:28:16 IST" skipped="0">
  <testcase classname="selenium.alerts" name="alertTest" time="42.193"/>
  <system-out/>
</testsuite> <!-- selenium.alerts -->
