<?xml version="1.0" encoding="UTF-8"?>
<!-- Generated by org.testng.reporters.JUnitReportReporter -->
<testsuite hostname="Gagan-S-Ganesh" failures="0" tests="1" name="selenium.distributedParallel2" time="5.691" errors="0" timestamp="2022-09-10T23:54:36 IST" skipped="0">
  <testcase classname="selenium.distributedParallel2" name="seleniu" time="5.691"/>
  <system-out/>
</testsuite> <!-- selenium.distributedParallel2 -->
