<?xml version="1.0" encoding="UTF-8"?>
<!-- Generated by org.testng.reporters.JUnitReportReporter -->
<testsuite hostname="Gagan-S-Ganesh" failures="0" tests="2" name="selenium.distributedTest" time="5.470" errors="0" timestamp="2022-09-11T01:13:52 IST" skipped="0">
  <testcase classname="selenium.distributedTest" name="dbTest" time="4.022"/>
  <system-out/>
  <testcase classname="selenium.distributedTest" name="manager_AddCustomer" time="1.448"/>
  <system-out/>
</testsuite> <!-- selenium.distributedTest -->
