<?xml version="1.0" encoding="UTF-8"?>
<!-- Generated by org.testng.reporters.JUnitReportReporter -->
<testsuite hostname="Gagan-S-Ganesh" failures="0" tests="3" name="selenium.distributedTest2" time="12.825" errors="0" timestamp="2022-09-11T00:07:58 IST" skipped="0">
  <testcase classname="selenium.distributedTest2" name="dbTest" time="4.055"/>
  <system-out/>
  <testcase classname="selenium.distributedTest2" name="dbTest" time="4.166"/>
  <system-out/>
  <testcase classname="selenium.distributedTest2" name="dbTest" time="4.604"/>
  <system-out/>
</testsuite> <!-- selenium.distributedTest2 -->
