<?xml version="1.0" encoding="UTF-8"?>
<!-- Generated by org.testng.reporters.JUnitReportReporter -->
<testsuite hostname="Gagan-S-Ganesh" failures="0" tests="2" name="selenium.parallelExecution" time="82.619" errors="0" timestamp="2022-09-10T17:12:59 IST" skipped="0">
  <testcase classname="selenium.parallelExecution" name="TestCase1" time="45.518"/>
  <system-out/>
  <testcase classname="selenium.parallelExecution" name="TestCase1" time="37.101"/>
  <system-out/>
</testsuite> <!-- selenium.parallelExecution -->
