<?xml version="1.0" encoding="UTF-8"?>
<!-- Generated by org.testng.reporters.JUnitReportReporter -->
<testsuite hostname="Gagan-S-Ganesh" failures="0" tests="3" name="selenium.distributedTest3" time="13.689" errors="0" timestamp="2022-09-11T00:07:58 IST" skipped="0">
  <testcase classname="selenium.distributedTest3" name="dbTest" time="5.231"/>
  <system-out/>
  <testcase classname="selenium.distributedTest3" name="dbTest" time="4.176"/>
  <system-out/>
  <testcase classname="selenium.distributedTest3" name="dbTest" time="4.282"/>
  <system-out/>
</testsuite> <!-- selenium.distributedTest3 -->
