<?xml version="1.0" encoding="UTF-8"?>
<!-- Generated by org.testng.reporters.JUnitReportReporter -->
<testsuite hostname="Gagan-S-Ganesh" failures="0" tests="1" name="selenium.interactions" time="15.511" errors="0" timestamp="2022-08-28T20:34:05 IST" skipped="0">
  <testcase classname="selenium.interactions" name="interaction" time="15.511"/>
  <system-out/>
</testsuite> <!-- selenium.interactions -->
