<?xml version="1.0" encoding="UTF-8"?>
<!-- Generated by org.testng.reporters.JUnitReportReporter -->
<testsuite hostname="Gagan-S-Ganesh" failures="0" tests="1" name="selenium.select" time="22.808" errors="0" timestamp="2022-08-28T19:21:20 IST" skipped="0">
  <testcase classname="selenium.select" name="selectoption" time="22.808"/>
  <system-out/>
</testsuite> <!-- selenium.select -->
